0 info it worked if it ends with ok
1 verbose cli [ '/usr/bin/node', '/usr/bin/npm', 'install', '-g', 'plugman' ]
2 info using npm@1.3.24
3 info using node@v0.10.25
4 verbose node symlink /usr/bin/node
5 verbose cache add [ 'plugman', null ]
6 verbose cache add name=undefined spec="plugman" args=["plugman",null]
7 verbose parsed url { protocol: null,
7 verbose parsed url   slashes: null,
7 verbose parsed url   auth: null,
7 verbose parsed url   host: null,
7 verbose parsed url   port: null,
7 verbose parsed url   hostname: null,
7 verbose parsed url   hash: null,
7 verbose parsed url   search: null,
7 verbose parsed url   query: null,
7 verbose parsed url   pathname: 'plugman',
7 verbose parsed url   path: 'plugman',
7 verbose parsed url   href: 'plugman' }
8 silly lockFile 3c17847d-plugman plugman
9 verbose lock plugman /home/sausage/.npm/3c17847d-plugman.lock
10 silly lockFile 3c17847d-plugman plugman
11 silly lockFile 3c17847d-plugman plugman
12 verbose addNamed [ 'plugman', '' ]
13 verbose addNamed [ null, '*' ]
14 silly lockFile 9ad59204-plugman plugman@
15 verbose lock plugman@ /home/sausage/.npm/9ad59204-plugman.lock
16 silly addNameRange { name: 'plugman', range: '*', hasData: false }
17 verbose url raw plugman
18 verbose url resolving [ 'http://registry.npmjs.org/', './plugman' ]
19 verbose url resolved http://registry.npmjs.org/plugman
20 info trying registry request attempt 1 at 21:33:33
21 http GET http://registry.npmjs.org/plugman
22 http 200 http://registry.npmjs.org/plugman
23 silly registry.get cb [ 200,
23 silly registry.get   { server: 'CouchDB/1.5.0 (Erlang OTP/R16B03)',
23 silly registry.get     etag: '"2I6C4LAPXV29Y7X1WNTEP7A64"',
23 silly registry.get     'content-type': 'application/json',
23 silly registry.get     'cache-control': 'max-age=30',
23 silly registry.get     'content-length': '114461',
23 silly registry.get     'accept-ranges': 'bytes',
23 silly registry.get     date: 'Thu, 10 Jul 2014 20:33:52 GMT',
23 silly registry.get     via: '1.1 varnish',
23 silly registry.get     age: '4026',
23 silly registry.get     connection: 'keep-alive',
23 silly registry.get     'x-served-by': 'cache-at50-ATL',
23 silly registry.get     'x-cache': 'HIT',
23 silly registry.get     'x-cache-hits': '1',
23 silly registry.get     'x-timer': 'S1405024431.949122,VS0,VE71',
23 silly registry.get     vary: 'Accept' } ]
24 silly addNameRange number 2 { name: 'plugman', range: '*', hasData: true }
25 silly addNameRange versions [ 'plugman',
25 silly addNameRange   [ '0.5.6',
25 silly addNameRange     '0.5.7',
25 silly addNameRange     '0.5.8',
25 silly addNameRange     '0.5.9',
25 silly addNameRange     '0.6.0',
25 silly addNameRange     '0.6.1',
25 silly addNameRange     '0.6.2',
25 silly addNameRange     '0.6.3',
25 silly addNameRange     '0.7.0',
25 silly addNameRange     '0.7.1',
25 silly addNameRange     '0.7.2',
25 silly addNameRange     '0.7.3',
25 silly addNameRange     '0.7.4',
25 silly addNameRange     '0.7.5',
25 silly addNameRange     '0.7.6',
25 silly addNameRange     '0.7.7',
25 silly addNameRange     '0.7.8',
25 silly addNameRange     '0.7.9',
25 silly addNameRange     '0.7.10',
25 silly addNameRange     '0.7.11',
25 silly addNameRange     '0.7.12',
25 silly addNameRange     '0.7.13',
25 silly addNameRange     '0.7.14',
25 silly addNameRange     '0.8.0',
25 silly addNameRange     '0.8.1',
25 silly addNameRange     '0.8.2',
25 silly addNameRange     '0.9.0',
25 silly addNameRange     '0.9.1',
25 silly addNameRange     '0.9.2',
25 silly addNameRange     '0.9.3',
25 silly addNameRange     '0.9.4',
25 silly addNameRange     '0.9.5',
25 silly addNameRange     '0.9.6',
25 silly addNameRange     '0.9.7',
25 silly addNameRange     '0.9.8',
25 silly addNameRange     '0.9.9',
25 silly addNameRange     '0.9.10',
25 silly addNameRange     '0.9.11',
25 silly addNameRange     '0.9.20',
25 silly addNameRange     '0.9.21',
25 silly addNameRange     '0.9.22',
25 silly addNameRange     '0.9.23',
25 silly addNameRange     '0.10.0',
25 silly addNameRange     '0.10.1',
25 silly addNameRange     '0.11.0',
25 silly addNameRange     '0.12.0',
25 silly addNameRange     '0.13.0',
25 silly addNameRange     '0.14.0',
25 silly addNameRange     '0.15.0',
25 silly addNameRange     '0.16.0',
25 silly addNameRange     '0.17.0',
25 silly addNameRange     '0.18.0',
25 silly addNameRange     '0.19.0',
25 silly addNameRange     '0.20.0',
25 silly addNameRange     '0.20.1',
25 silly addNameRange     '0.20.2',
25 silly addNameRange     '0.21.0',
25 silly addNameRange     '0.22.0',
25 silly addNameRange     '0.22.1',
25 silly addNameRange     '0.22.2',
25 silly addNameRange     '0.22.4' ] ]
26 verbose addNamed [ 'plugman', '0.22.4' ]
27 verbose addNamed [ '0.22.4', '0.22.4' ]
28 silly lockFile 59e9d071-plugman-0-22-4 plugman@0.22.4
29 verbose lock plugman@0.22.4 /home/sausage/.npm/59e9d071-plugman-0-22-4.lock
30 silly lockFile 6506de4f-s-org-plugman-plugman-0-22-4-tgz http://registry.npmjs.org/plugman/-/plugman-0.22.4.tgz
31 verbose lock http://registry.npmjs.org/plugman/-/plugman-0.22.4.tgz /home/sausage/.npm/6506de4f-s-org-plugman-plugman-0-22-4-tgz.lock
32 verbose addRemoteTarball [ 'http://registry.npmjs.org/plugman/-/plugman-0.22.4.tgz',
32 verbose addRemoteTarball   'df7d95b6f21a0f159135038b8adbd55ea88e43b7' ]
33 silly lockFile 6506de4f-s-org-plugman-plugman-0-22-4-tgz http://registry.npmjs.org/plugman/-/plugman-0.22.4.tgz
34 silly lockFile 6506de4f-s-org-plugman-plugman-0-22-4-tgz http://registry.npmjs.org/plugman/-/plugman-0.22.4.tgz
35 silly lockFile 59e9d071-plugman-0-22-4 plugman@0.22.4
36 silly lockFile 59e9d071-plugman-0-22-4 plugman@0.22.4
37 silly lockFile 9ad59204-plugman plugman@
38 silly lockFile 9ad59204-plugman plugman@
39 error Error: EACCES, mkdir '/home/sausage/tmp/npm-4234-rJqSrbVA'
39 error  { [Error: EACCES, mkdir '/home/sausage/tmp/npm-4234-rJqSrbVA']
39 error   errno: 3,
39 error   code: 'EACCES',
39 error   path: '/home/sausage/tmp/npm-4234-rJqSrbVA' }
40 error Please try running this command again as root/Administrator.
41 error System Linux 3.8.0-35-generic
42 error command "/usr/bin/node" "/usr/bin/npm" "install" "-g" "plugman"
43 error cwd /home/sausage/workspace/RDTOM-AppLite
44 error node -v v0.10.25
45 error npm -v 1.3.24
46 error path /home/sausage/tmp/npm-4234-rJqSrbVA
47 error code EACCES
48 error errno 3
49 error stack Error: EACCES, mkdir '/home/sausage/tmp/npm-4234-rJqSrbVA'
50 verbose exit [ 3, true ]
